This file contains any messages produced by compilers while
running configure, to aid debugging if configure makes a mistake.

It was created by PhyML configure 3.3.20241207, which was
generated by GNU Autoconf 2.71.  Invocation command line was

  $ ./configure

## --------- ##
## Platform. ##
## --------- ##

hostname = guindon.lirmm.fr
uname -m = arm64
uname -r = 24.3.0
uname -s = Darwin
uname -v = Darwin Kernel Version 24.3.0: Thu Jan  2 20:23:36 PST 2025; root:xnu-11215.81.4~3/RELEASE_ARM64_T8112

/usr/bin/uname -p = arm
/bin/uname -X     = unknown

/bin/arch              = unknown
/usr/bin/arch -k       = unknown
/usr/convex/getsysinfo = unknown
/usr/bin/hostinfo      = Mach kernel version:
	 Darwin Kernel Version 24.3.0: Thu Jan  2 20:23:36 PST 2025; root:xnu-11215.81.4~3/RELEASE_ARM64_T8112
Kernel configured for up to 8 processors.
8 processors are physically available.
8 processors are logically available.
Processor type: arm64e (ARM64E)
Processors active: 0 1 2 3 4 5 6 7
Primary memory available: 8.00 gigabytes
Default processor set: 397 tasks, 2365 threads, 8 processors
Load average: 2.41, Mach factor: 5.58
/bin/machine           = unknown
/usr/bin/oslevel       = unknown
/bin/universe          = unknown

PATH: /opt/local/bin/
PATH: /opt/local/sbin/
PATH: /opt/homebrew/bin/
PATH: /opt/homebrew/sbin/
PATH: /usr/local/bin/
PATH: /System/Cryptexes/App/usr/bin/
PATH: /usr/bin/
PATH: /bin/
PATH: /usr/sbin/
PATH: /sbin/
PATH: /var/run/com.apple.security.cryptexd/codex.system/bootstrap/usr/local/bin/
PATH: /var/run/com.apple.security.cryptexd/codex.system/bootstrap/usr/bin/
PATH: /var/run/com.apple.security.cryptexd/codex.system/bootstrap/usr/appleinternal/bin/
PATH: /opt/X11/bin/
PATH: /Library/Apple/usr/bin/
PATH: /Library/TeX/texbin/
PATH: /usr/local/ncbi/blast/bin/
PATH: /Users/guindon/anaconda3/bin/
PATH: /Users/guindon/anaconda3/condabin/
PATH: /opt/local/bin/
PATH: /opt/local/sbin/
PATH: /Users/guindon/.vscode/extensions/ms-python.debugpy-2025.6.0-darwin-arm64/bundled/scripts/noConfigScripts/


## ----------- ##
## Core tests. ##
## ----------- ##

configure:2456: looking for aux files: compile config.guess config.sub missing install-sh
configure:2469:  trying ./
configure:2498:   ./compile found
configure:2498:   ./config.guess found
configure:2498:   ./config.sub found
configure:2498:   ./missing found
configure:2480:   ./install-sh found
configure:2627: checking for a BSD-compatible install
configure:2700: result: /usr/bin/install -c
configure:2711: checking whether build environment is sane
configure:2766: result: yes
configure:2925: checking for a race-free mkdir -p
configure:2969: result: ./install-sh -c -d
configure:2976: checking for gawk
configure:3011: result: no
configure:2976: checking for mawk
configure:3011: result: no
configure:2976: checking for nawk
configure:3011: result: no
configure:2976: checking for awk
configure:2997: found /usr/bin/awk
configure:3008: result: awk
configure:3019: checking whether make sets $(MAKE)
configure:3042: result: yes
configure:3072: checking whether make supports nested variables
configure:3090: result: yes
configure:3243: checking build system type
configure:3258: result: aarch64-apple-darwin24.3.0
configure:3278: checking host system type
configure:3292: result: aarch64-apple-darwin24.3.0
configure:3381: checking for gcc
configure:3402: found /usr/bin/gcc
configure:3413: result: gcc
configure:3444: checking for C compiler version
configure:3453: gcc --version >&5
Apple clang version 16.0.0 (clang-1600.0.26.6)
Target: arm64-apple-darwin24.3.0
Thread model: posix
InstalledDir: /Library/Developer/CommandLineTools/usr/bin
configure:3464: $? = 0
configure:3453: gcc -v >&5
Apple clang version 16.0.0 (clang-1600.0.26.6)
Target: arm64-apple-darwin24.3.0
Thread model: posix
InstalledDir: /Library/Developer/CommandLineTools/usr/bin
configure:3464: $? = 0
configure:3453: gcc -V >&5
clang: error: argument to '-V' is missing (expected 1 value)
clang: error: no input files
configure:3464: $? = 1
configure:3453: gcc -qversion >&5
clang: error: unknown argument '-qversion'; did you mean '--version'?
clang: error: no input files
configure:3464: $? = 1
configure:3453: gcc -version >&5
clang: error: unknown argument '-version'; did you mean '--version'?
clang: error: no input files
configure:3464: $? = 1
configure:3484: checking whether the C compiler works
configure:3506: gcc    conftest.c  >&5
configure:3510: $? = 0
configure:3560: result: yes
configure:3563: checking for C compiler default output file name
configure:3565: result: a.out
configure:3571: checking for suffix of executables
configure:3578: gcc -o conftest    conftest.c  >&5
configure:3582: $? = 0
configure:3605: result: 
configure:3627: checking whether we are cross compiling
configure:3635: gcc -o conftest    conftest.c  >&5
configure:3639: $? = 0
configure:3646: ./conftest
configure:3650: $? = 0
configure:3665: result: no
configure:3670: checking for suffix of object files
configure:3693: gcc -c   conftest.c >&5
configure:3697: $? = 0
configure:3719: result: o
configure:3723: checking whether the compiler supports GNU C
configure:3743: gcc -c   conftest.c >&5
configure:3743: $? = 0
configure:3753: result: yes
configure:3764: checking whether gcc accepts -g
configure:3785: gcc -c -g  conftest.c >&5
configure:3785: $? = 0
configure:3829: result: yes
configure:3849: checking for gcc option to enable C11 features
configure:3864: gcc  -c -g -O2  conftest.c >&5
conftest.c:27:14: warning: a function definition without a prototype is deprecated in all versions of C and is not supported in C2x [-Wdeprecated-non-prototype]
   27 | static char *e (p, i)
      |              ^
1 warning generated.
configure:3864: $? = 0
configure:3882: result: none needed
configure:3998: checking whether gcc understands -c and -o together
configure:4021: gcc -c conftest.c -o conftest2.o
configure:4024: $? = 0
configure:4021: gcc -c conftest.c -o conftest2.o
configure:4024: $? = 0
configure:4036: result: yes
configure:4056: checking whether make supports the include directive
configure:4071: make -f confmf.GNU && cat confinc.out
this is the am__doit target
configure:4074: $? = 0
configure:4093: result: yes (GNU style)
configure:4119: checking dependency style of gcc
configure:4231: result: gcc3
configure:4260: "gcc"
configure:4266: checking for log in -lm
configure:4289: gcc -o conftest -g -O2   conftest.c -lm   >&5
conftest.c:17:6: warning: incompatible redeclaration of library function 'log' [-Wincompatible-library-redeclaration]
   17 | char log ();
      |      ^
conftest.c:17:6: note: 'log' is a builtin with type 'double (double)'
1 warning generated.
configure:4289: $? = 0
configure:4299: result: yes
configure:4315: checking for stdio.h
configure:4315: gcc -c -g -O2  conftest.c >&5
configure:4315: $? = 0
configure:4315: result: yes
configure:4315: checking for stdlib.h
configure:4315: gcc -c -g -O2  conftest.c >&5
configure:4315: $? = 0
configure:4315: result: yes
configure:4315: checking for string.h
configure:4315: gcc -c -g -O2  conftest.c >&5
configure:4315: $? = 0
configure:4315: result: yes
configure:4315: checking for inttypes.h
configure:4315: gcc -c -g -O2  conftest.c >&5
configure:4315: $? = 0
configure:4315: result: yes
configure:4315: checking for stdint.h
configure:4315: gcc -c -g -O2  conftest.c >&5
configure:4315: $? = 0
configure:4315: result: yes
configure:4315: checking for strings.h
configure:4315: gcc -c -g -O2  conftest.c >&5
configure:4315: $? = 0
configure:4315: result: yes
configure:4315: checking for sys/stat.h
configure:4315: gcc -c -g -O2  conftest.c >&5
configure:4315: $? = 0
configure:4315: result: yes
configure:4315: checking for sys/types.h
configure:4315: gcc -c -g -O2  conftest.c >&5
configure:4315: $? = 0
configure:4315: result: yes
configure:4315: checking for unistd.h
configure:4315: gcc -c -g -O2  conftest.c >&5
configure:4315: $? = 0
configure:4315: result: yes
configure:4340: checking for grep that handles long lines and -e
configure:4404: result: /usr/bin/grep
configure:4412: checking for egrep
configure:4480: result: /usr/bin/grep -E
configure:4486: checking for float.h
configure:4486: gcc -c -g -O2  conftest.c >&5
configure:4486: $? = 0
configure:4486: result: yes
configure:4492: checking for stdlib.h
configure:4492: result: yes
configure:4498: checking for string.h
configure:4498: result: yes
configure:4504: checking for unistd.h
configure:4504: result: yes
configure:4513: checking for an ANSI C-conforming const
configure:4580: gcc -c -g -O2  conftest.c >&5
configure:4580: $? = 0
configure:4588: result: yes
configure:4596: checking for inline
configure:4613: gcc -c -g -O2  conftest.c >&5
configure:4613: $? = 0
configure:4622: result: inline
configure:4640: checking for size_t
configure:4640: gcc -c -g -O2  conftest.c >&5
configure:4640: $? = 0
configure:4640: gcc -c -g -O2  conftest.c >&5
conftest.c:59:21: error: expected expression
   59 | if (sizeof ((size_t)))
      |                     ^
1 error generated.
configure:4640: $? = 1
configure: failed program was:
| /* confdefs.h */
| #define PACKAGE_NAME "PhyML"
| #define PACKAGE_TARNAME "phyml"
| #define PACKAGE_VERSION "3.3.20241207"
| #define PACKAGE_STRING "PhyML 3.3.20241207"
| #define PACKAGE_BUGREPORT "stephane.guindon@lirmm.fr"
| #define PACKAGE_URL ""
| #define PACKAGE "phyml"
| #define VERSION "3.3.20241207"
| #define UNIX 1
| #define DEBUG 1
| #define HAVE_LIBM 1
| #define HAVE_STDIO_H 1
| #define HAVE_STDLIB_H 1
| #define HAVE_STRING_H 1
| #define HAVE_INTTYPES_H 1
| #define HAVE_STDINT_H 1
| #define HAVE_STRINGS_H 1
| #define HAVE_SYS_STAT_H 1
| #define HAVE_SYS_TYPES_H 1
| #define HAVE_UNISTD_H 1
| #define STDC_HEADERS 1
| #define HAVE_FLOAT_H 1
| #define HAVE_STDLIB_H 1
| #define HAVE_STRING_H 1
| #define HAVE_UNISTD_H 1
| /* end confdefs.h.  */
| #include <stddef.h>
| #ifdef HAVE_STDIO_H
| # include <stdio.h>
| #endif
| #ifdef HAVE_STDLIB_H
| # include <stdlib.h>
| #endif
| #ifdef HAVE_STRING_H
| # include <string.h>
| #endif
| #ifdef HAVE_INTTYPES_H
| # include <inttypes.h>
| #endif
| #ifdef HAVE_STDINT_H
| # include <stdint.h>
| #endif
| #ifdef HAVE_STRINGS_H
| # include <strings.h>
| #endif
| #ifdef HAVE_SYS_TYPES_H
| # include <sys/types.h>
| #endif
| #ifdef HAVE_SYS_STAT_H
| # include <sys/stat.h>
| #endif
| #ifdef HAVE_UNISTD_H
| # include <unistd.h>
| #endif
| int
| main (void)
| {
| if (sizeof ((size_t)))
| 	    return 0;
|   ;
|   return 0;
| }
configure:4640: result: yes
configure:4656: checking for pdflatex
configure:4677: found /opt/local/bin/pdflatex
configure:4688: result: pdflatex
configure:4704: checking for latex
configure:4725: found /opt/local/bin/latex
configure:4736: result: latex
configure:4764: checking for GNU libc compatible malloc
configure:4796: gcc -o conftest -g -O2   conftest.c -lm  >&5
configure:4796: $? = 0
configure:4796: ./conftest
configure:4796: $? = 0
configure:4807: result: yes
configure:4829: checking for GNU libc compatible realloc
configure:4861: gcc -o conftest -g -O2   conftest.c -lm  >&5
configure:4861: $? = 0
configure:4861: ./conftest
configure:4861: $? = 0
configure:4872: result: yes
configure:4906: checking for vprintf
configure:4906: gcc -o conftest -g -O2   conftest.c -lm  >&5
conftest.c:46:6: warning: incompatible redeclaration of library function 'vprintf' [-Wincompatible-library-redeclaration]
   46 | char vprintf ();
      |      ^
conftest.c:46:6: note: 'vprintf' is a builtin with type 'int (const char *, __builtin_va_list)'
1 warning generated.
configure:4906: $? = 0
configure:4906: result: yes
configure:4927: checking for floor
configure:4927: gcc -o conftest -g -O2   conftest.c -lm  >&5
conftest.c:47:6: warning: incompatible redeclaration of library function 'floor' [-Wincompatible-library-redeclaration]
   47 | char floor ();
      |      ^
conftest.c:47:6: note: 'floor' is a builtin with type 'double (double)'
1 warning generated.
configure:4927: $? = 0
configure:4927: result: yes
configure:4933: checking for pow
configure:4933: gcc -o conftest -g -O2   conftest.c -lm  >&5
conftest.c:48:6: warning: incompatible redeclaration of library function 'pow' [-Wincompatible-library-redeclaration]
   48 | char pow ();
      |      ^
conftest.c:48:6: note: 'pow' is a builtin with type 'double (double, double)'
1 warning generated.
configure:4933: $? = 0
configure:4933: result: yes
configure:4939: checking for rint
configure:4939: gcc -o conftest -g -O2   conftest.c -lm  >&5
conftest.c:49:6: warning: incompatible redeclaration of library function 'rint' [-Wincompatible-library-redeclaration]
   49 | char rint ();
      |      ^
conftest.c:49:6: note: 'rint' is a builtin with type 'double (double)'
1 warning generated.
configure:4939: $? = 0
configure:4939: result: yes
configure:4945: checking for sqrt
configure:4945: gcc -o conftest -g -O2   conftest.c -lm  >&5
conftest.c:50:6: warning: incompatible redeclaration of library function 'sqrt' [-Wincompatible-library-redeclaration]
   50 | char sqrt ();
      |      ^
conftest.c:50:6: note: 'sqrt' is a builtin with type 'double (double)'
1 warning generated.
configure:4945: $? = 0
configure:4945: result: yes
configure:4951: checking for strchr
configure:4951: gcc -o conftest -g -O2   conftest.c -lm  >&5
conftest.c:51:6: warning: incompatible redeclaration of library function 'strchr' [-Wincompatible-library-redeclaration]
   51 | char strchr ();
      |      ^
conftest.c:51:6: note: 'strchr' is a builtin with type 'char *(const char *, int)'
1 warning generated.
configure:4951: $? = 0
configure:4951: result: yes
configure:4957: checking for strstr
configure:4957: gcc -o conftest -g -O2   conftest.c -lm  >&5
conftest.c:52:6: warning: incompatible redeclaration of library function 'strstr' [-Wincompatible-library-redeclaration]
   52 | char strstr ();
      |      ^
conftest.c:52:6: note: 'strstr' is a builtin with type 'char *(const char *, const char *)'
1 warning generated.
configure:4957: $? = 0
configure:4957: result: yes
configure:5419: checking that generated files are newer than configure
configure:5425: result: done
configure:5496: creating ./config.status

## ---------------------- ##
## Running config.status. ##
## ---------------------- ##

This file was extended by PhyML config.status 3.3.20241207, which was
generated by GNU Autoconf 2.71.  Invocation command line was

  CONFIG_FILES    = 
  CONFIG_HEADERS  = 
  CONFIG_LINKS    = 
  CONFIG_COMMANDS = 
  $ ./config.status 

on guindon.lirmm.fr

config.status:901: creating Makefile
config.status:901: creating src/Makefile
config.status:901: creating doc/Makefile
config.status:901: creating config.h
config.status:1130: executing depfiles commands
config.status:1207: cd src       && sed -e '/# am--include-marker/d' Makefile         | make -f - am--depfiles
make: Nothing to be done for `am--depfiles'.
config.status:1212: $? = 0

## ---------------- ##
## Cache variables. ##
## ---------------- ##

ac_cv_build=aarch64-apple-darwin24.3.0
ac_cv_c_compiler_gnu=yes
ac_cv_c_const=yes
ac_cv_c_inline=inline
ac_cv_env_CC_set=
ac_cv_env_CC_value=
ac_cv_env_CFLAGS_set=
ac_cv_env_CFLAGS_value=
ac_cv_env_CPPFLAGS_set=
ac_cv_env_CPPFLAGS_value=
ac_cv_env_LDFLAGS_set=
ac_cv_env_LDFLAGS_value=
ac_cv_env_LIBS_set=
ac_cv_env_LIBS_value=
ac_cv_env_build_alias_set=
ac_cv_env_build_alias_value=
ac_cv_env_host_alias_set=
ac_cv_env_host_alias_value=
ac_cv_env_target_alias_set=
ac_cv_env_target_alias_value=
ac_cv_func_floor=yes
ac_cv_func_malloc_0_nonnull=yes
ac_cv_func_pow=yes
ac_cv_func_realloc_0_nonnull=yes
ac_cv_func_rint=yes
ac_cv_func_setvbuf_reversed=no
ac_cv_func_sqrt=yes
ac_cv_func_strchr=yes
ac_cv_func_strstr=yes
ac_cv_func_vprintf=yes
ac_cv_header_float_h=yes
ac_cv_header_inttypes_h=yes
ac_cv_header_stdint_h=yes
ac_cv_header_stdio_h=yes
ac_cv_header_stdlib_h=yes
ac_cv_header_string_h=yes
ac_cv_header_strings_h=yes
ac_cv_header_sys_stat_h=yes
ac_cv_header_sys_types_h=yes
ac_cv_header_unistd_h=yes
ac_cv_host=aarch64-apple-darwin24.3.0
ac_cv_lib_m_log=yes
ac_cv_objext=o
ac_cv_path_EGREP='/usr/bin/grep -E'
ac_cv_path_GREP=/usr/bin/grep
ac_cv_path_install='/usr/bin/install -c'
ac_cv_prog_AWK=awk
ac_cv_prog_LATEX=latex
ac_cv_prog_PDFLATEX=pdflatex
ac_cv_prog_ac_ct_CC=gcc
ac_cv_prog_cc_c11=
ac_cv_prog_cc_g=yes
ac_cv_prog_cc_stdc=
ac_cv_prog_make_make_set=yes
ac_cv_type_size_t=yes
am_cv_CC_dependencies_compiler_type=gcc3
am_cv_make_support_nested_variables=yes
am_cv_prog_cc_c_o=yes

## ----------------- ##
## Output variables. ##
## ----------------- ##

ACLOCAL='${SHELL} '\''/Users/guindon/phyml/missing'\'' aclocal-1.16'
AMDEPBACKSLASH='\'
AMDEP_FALSE='#'
AMDEP_TRUE=''
AMTAR='$${TAR-tar}'
AM_BACKSLASH='\'
AM_DEFAULT_V='$(AM_DEFAULT_VERBOSITY)'
AM_DEFAULT_VERBOSITY='1'
AM_V='$(V)'
AUTOCONF='${SHELL} '\''/Users/guindon/phyml/missing'\'' autoconf'
AUTOHEADER='${SHELL} '\''/Users/guindon/phyml/missing'\'' autoheader'
AUTOMAKE='${SHELL} '\''/Users/guindon/phyml/missing'\'' automake-1.16'
AWK='awk'
CC='gcc'
CCDEPMODE='depmode=gcc3'
CFLAGS='-std=c99 -O3 -fomit-frame-pointer -funroll-loops -Wall -Winline -finline -march=native'
CPPFLAGS=''
CSCOPE='cscope'
CTAGS='ctags'
CYGPATH_W='echo'
DEFS='-DHAVE_CONFIG_H'
DEPDIR='.deps'
ECHO_C='\c'
ECHO_N=''
ECHO_T=''
EGREP='/usr/bin/grep -E'
ETAGS='etags'
EXEEXT=''
GREP='/usr/bin/grep'
HAVE_PDFLATEX_FALSE='#'
HAVE_PDFLATEX_TRUE=''
INSTALL_DATA='${INSTALL} -m 644'
INSTALL_PROGRAM='${INSTALL}'
INSTALL_SCRIPT='${INSTALL}'
INSTALL_STRIP_PROGRAM='$(install_sh) -c -s'
LATEX='latex'
LDFLAGS=''
LIBOBJS=''
LIBS='-lm '
LTLIBOBJS=''
MAKEINFO='${SHELL} '\''/Users/guindon/phyml/missing'\'' makeinfo'
MKDIR_P='./install-sh -c -d'
OBJEXT='o'
PACKAGE='phyml'
PACKAGE_BUGREPORT='stephane.guindon@lirmm.fr'
PACKAGE_NAME='PhyML'
PACKAGE_STRING='PhyML 3.3.20241207'
PACKAGE_TARNAME='phyml'
PACKAGE_URL=''
PACKAGE_VERSION='3.3.20241207'
PATH_SEPARATOR=':'
PDFLATEX='pdflatex'
SET_MAKE=''
SHELL='/bin/sh'
STRIP=''
VERSION='3.3.20241207'
WANT_DATE_FALSE=''
WANT_DATE_TRUE='#'
WANT_EVOLVE_FALSE=''
WANT_EVOLVE_TRUE='#'
WANT_MPI_FALSE=''
WANT_MPI_TRUE='#'
WANT_PHYML_FALSE=''
WANT_PHYML_TRUE='#'
WANT_PHYREXSIM_FALSE=''
WANT_PHYREXSIM_TRUE='#'
WANT_PHYREX_FALSE=''
WANT_PHYREX_TRUE='#'
WANT_PHYTIME_FALSE=''
WANT_PHYTIME_TRUE='#'
WANT_RF_FALSE=''
WANT_RF_TRUE='#'
WANT_RWRAP_FALSE=''
WANT_RWRAP_TRUE='#'
WANT_TEST_FALSE=''
WANT_TEST_TRUE='#'
WANT_WIN_FALSE=''
WANT_WIN_TRUE='#'
ac_ct_CC='gcc'
am__EXEEXT_FALSE=''
am__EXEEXT_TRUE='#'
am__fastdepCC_FALSE='#'
am__fastdepCC_TRUE=''
am__include='include'
am__isrc=''
am__leading_dot='.'
am__nodep='_no'
am__quote=''
am__tar='$${TAR-tar} chof - "$$tardir"'
am__untar='$${TAR-tar} xf -'
bindir='${exec_prefix}/bin'
build='aarch64-apple-darwin24.3.0'
build_alias=''
build_cpu='aarch64'
build_os='darwin24.3.0'
build_vendor='apple'
datadir='${datarootdir}'
datarootdir='${prefix}/share'
docdir='${datarootdir}/doc/${PACKAGE_TARNAME}'
dvidir='${docdir}'
exec_prefix='${prefix}'
host='aarch64-apple-darwin24.3.0'
host_alias=''
host_cpu='aarch64'
host_os='darwin24.3.0'
host_vendor='apple'
htmldir='${docdir}'
includedir='${prefix}/include'
infodir='${datarootdir}/info'
install_sh='${SHELL} /Users/guindon/phyml/install-sh'
libdir='${exec_prefix}/lib'
libexecdir='${exec_prefix}/libexec'
localedir='${datarootdir}/locale'
localstatedir='${prefix}/var'
mandir='${datarootdir}/man'
mkdir_p='$(MKDIR_P)'
oldincludedir='/usr/include'
pdfdir='${docdir}'
prefix='/usr/local'
program_transform_name='s,x,x,'
psdir='${docdir}'
runstatedir='${localstatedir}/run'
sbindir='${exec_prefix}/sbin'
sharedstatedir='${prefix}/com'
sysconfdir='${prefix}/etc'
target_alias=''

## ----------- ##
## confdefs.h. ##
## ----------- ##

/* confdefs.h */
#define PACKAGE_NAME "PhyML"
#define PACKAGE_TARNAME "phyml"
#define PACKAGE_VERSION "3.3.20241207"
#define PACKAGE_STRING "PhyML 3.3.20241207"
#define PACKAGE_BUGREPORT "stephane.guindon@lirmm.fr"
#define PACKAGE_URL ""
#define PACKAGE "phyml"
#define VERSION "3.3.20241207"
#define UNIX 1
#define DEBUG 1
#define HAVE_LIBM 1
#define HAVE_STDIO_H 1
#define HAVE_STDLIB_H 1
#define HAVE_STRING_H 1
#define HAVE_INTTYPES_H 1
#define HAVE_STDINT_H 1
#define HAVE_STRINGS_H 1
#define HAVE_SYS_STAT_H 1
#define HAVE_SYS_TYPES_H 1
#define HAVE_UNISTD_H 1
#define STDC_HEADERS 1
#define HAVE_FLOAT_H 1
#define HAVE_STDLIB_H 1
#define HAVE_STRING_H 1
#define HAVE_UNISTD_H 1
#define HAVE_MALLOC 1
#define HAVE_REALLOC 1
#define HAVE_VPRINTF 1
#define HAVE_FLOOR 1
#define HAVE_POW 1
#define HAVE_RINT 1
#define HAVE_SQRT 1
#define HAVE_STRCHR 1
#define HAVE_STRSTR 1
#define PHYML 1

configure: exit 0
